<?xml version="1.0" encoding="UTF-8"?>
<!-- Generated by org.testng.reporters.JUnitReportReporter -->
<testsuite hostname="DESKTOP-S5RJ1JC" failures="0" tests="1" name="TestPck.SoapTest" time="10.975" errors="0" timestamp="16 Apr 2021 07:15:10 GMT" skipped="0">
  <testcase classname="TestPck.SoapTest" name="Test" time="10.975"/>
</testsuite> <!-- TestPck.SoapTest -->
